<?xml version="1.0" ?><testsuite name="UNKNOWN" time="0.04" timestamp="2019-03-13T02:44:46" tests="0" failures="0" skipped="0" aborted="0"><properties><property name="ant.project.invoked-targets" value="test"></property><property name="java.runtime.name" value="Java(TM) SE Runtime Environment"></property><property name="sun.boot.library.path" value="/Library/Java/JavaVirtualMachines/jdk1.8.0_181.jdk/Contents/Home/jre/lib"></property><property name="java.vm.version" value="25.181-b13"></property><property name="ant.library.dir" value="/usr/local/Cellar/ant/1.10.5/libexec/lib"></property><property name="gopherProxySet" value="false"></property><property name="ant.version" value="Apache Ant(TM) version 1.10.5 compiled on July 10 2018"></property><property name="ant.java.version" value="1.8"></property><property name="java.vm.vendor" value="Oracle Corporation"></property><property name="java.vendor.url" value="http://java.oracle.com/"></property><property name="path.separator" value=":"></property><property name="java.vm.name" value="Java HotSpot(TM) 64-Bit Server VM"></property><property name="file.encoding.pkg" value="sun.io"></property><property name="user.country" value="US"></property><property name="sun.java.launcher" value="SUN_STANDARD"></property><property name="sun.os.patch.level" value="unknown"></property><property name="java.vm.specification.name" value="Java Virtual Machine Specification"></property><property name="user.dir" value="/Users/qi/Documents/UMass/course/680/HW01"></property><property name="java.runtime.version" value="1.8.0_181-b13"></property><property name="java.awt.graphicsenv" value="sun.awt.CGraphicsEnvironment"></property><property name="basedir" value="/Users/qi/Documents/UMass/course/680/HW01"></property><property name="ant.file.HW01" value="/Users/qi/Documents/UMass/course/680/HW01/build.xml"></property><property name="java.endorsed.dirs" value="/Library/Java/JavaVirtualMachines/jdk1.8.0_181.jdk/Contents/Home/jre/lib/endorsed"></property><property name="os.arch" value="x86_64"></property><property name="ant.project.default-target" value="test"></property><property name="java.io.tmpdir" value="/var/folders/_w/h6xr43h17cdd9m6h99hsw__h0000gn/T/"></property><property name="ant.core.lib" value="/usr/local/Cellar/ant/1.10.5/libexec/lib/ant.jar"></property><property name="line.separator" value="
"></property><property name="java.vm.specification.vendor" value="Oracle Corporation"></property><property name="os.name" value="Mac OS X"></property><property name="ant.home" value="/usr/local/Cellar/ant/1.10.5/libexec"></property><property name="ant.project.name" value="HW01"></property><property name="sun.jnu.encoding" value="UTF-8"></property><property name="java.library.path" value="/Users/qi/Library/Java/Extensions:/Library/Java/Extensions:/Network/Library/Java/Extensions:/System/Library/Java/Extensions:/usr/lib/java:."></property><property name="java.class.version" value="52.0"></property><property name="java.specification.name" value="Java Platform API Specification"></property><property name="sun.management.compiler" value="HotSpot 64-Bit Tiered Compilers"></property><property name="os.version" value="10.14.3"></property><property name="ant.file" value="/Users/qi/Documents/UMass/course/680/HW01/build.xml"></property><property name="http.nonProxyHosts" value="local|*.local|169.254/16|*.169.254/16"></property><property name="user.home" value="/Users/qi"></property><property name="user.timezone" value=""></property><property name="java.awt.printerjob" value="sun.lwawt.macosx.CPrinterJob"></property><property name="java.specification.version" value="1.8"></property><property name="file.encoding" value="UTF-8"></property><property name="java.class.path" value="/usr/local/Cellar/ant/1.10.5/libexec/lib/ant-launcher.jar:/usr/local/share/ant:/Users/qi/Documents/UMass/course/680/HW01/lib/junit-jupiter-api-5.4.0.jar:/Users/qi/Documents/UMass/course/680/HW01/lib/junit-jupiter-params-5.4.0.jar:/Users/qi/Documents/UMass/course/680/HW01/lib/junit-platform-engine-1.4.0.jar:/Users/qi/Documents/UMass/course/680/HW01/lib/junit-platform-launcher-1.4.0.jar:/Users/qi/Documents/UMass/course/680/HW01/lib/opentest4j-1.1.1.jar:/Users/qi/Documents/UMass/course/680/HW01/lib/junit-platform-commons-1.4.0.jar:/Users/qi/Documents/UMass/course/680/HW01/lib/junit-jupiter-engine-5.4.0.jar:/Users/qi/Documents/UMass/course/680/HW01/lib/apiguardian-api-1.0.0.jar:/Users/qi/Documents/UMass/course/680/HW01/lib/:/usr/local/Cellar/ant/1.10.5/libexec/lib/ant-commons-net.jar:/usr/local/Cellar/ant/1.10.5/libexec/lib/ant-xz.jar:/usr/local/Cellar/ant/1.10.5/libexec/lib/ant-junit4.jar:/usr/local/Cellar/ant/1.10.5/libexec/lib/ant-jai.jar:/usr/local/Cellar/ant/1.10.5/libexec/lib/ant-apache-resolver.jar:/usr/local/Cellar/ant/1.10.5/libexec/lib/ant-jdepend.jar:/usr/local/Cellar/ant/1.10.5/libexec/lib/ant-apache-regexp.jar:/usr/local/Cellar/ant/1.10.5/libexec/lib/ant-apache-log4j.jar:/usr/local/Cellar/ant/1.10.5/libexec/lib/ant-javamail.jar:/usr/local/Cellar/ant/1.10.5/libexec/lib/ant-apache-bcel.jar:/usr/local/Cellar/ant/1.10.5/libexec/lib/ant.jar:/usr/local/Cellar/ant/1.10.5/libexec/lib/ant-netrexx.jar:/usr/local/Cellar/ant/1.10.5/libexec/lib/ant-swing.jar:/usr/local/Cellar/ant/1.10.5/libexec/lib/bcel-6.3.jar:/usr/local/Cellar/ant/1.10.5/libexec/lib/ant-jsch.jar:/usr/local/Cellar/ant/1.10.5/libexec/lib/ant-junitlauncher.jar:/usr/local/Cellar/ant/1.10.5/libexec/lib/ant-junit.jar:/usr/local/Cellar/ant/1.10.5/libexec/lib/ant-launcher.jar:/usr/local/Cellar/ant/1.10.5/libexec/lib/ant-antlr.jar:/usr/local/Cellar/ant/1.10.5/libexec/lib/ant-testutil.jar:/usr/local/Cellar/ant/1.10.5/libexec/lib/ant-apache-oro.jar:/usr/local/Cellar/ant/1.10.5/libexec/lib/ant-jmf.jar:/usr/local/Cellar/ant/1.10.5/libexec/lib/ivy-2.4.0.jar:/usr/local/Cellar/ant/1.10.5/libexec/lib/ant-apache-xalan2.jar:/usr/local/Cellar/ant/1.10.5/libexec/lib/ant-apache-bsf.jar:/usr/local/Cellar/ant/1.10.5/libexec/lib/ant-commons-logging.jar:/Library/Java/JavaVirtualMachines/jdk1.8.0_181.jdk/Contents/Home/lib/tools.jar"></property><property name="user.name" value="qi"></property><property name="ant.file.type.HW01" value="file"></property><property name="java.vm.specification.version" value="1.8"></property><property name="java.home" value="/Library/Java/JavaVirtualMachines/jdk1.8.0_181.jdk/Contents/Home/jre"></property><property name="sun.java.command" value="org.apache.tools.ant.launch.Launcher -cp  -lib /usr/local/share/ant test -lib lib"></property><property name="sun.arch.data.model" value="64"></property><property name="user.language" value="en"></property><property name="java.specification.vendor" value="Oracle Corporation"></property><property name="awt.toolkit" value="sun.lwawt.macosx.LWCToolkit"></property><property name="java.vm.info" value="mixed mode"></property><property name="java.version" value="1.8.0_181"></property><property name="java.ext.dirs" value="/Users/qi/Library/Java/Extensions:/Library/Java/JavaVirtualMachines/jdk1.8.0_181.jdk/Contents/Home/jre/lib/ext:/Library/Java/Extensions:/Network/Library/Java/Extensions:/System/Library/Java/Extensions:/usr/lib/java"></property><property name="sun.boot.class.path" value="/Library/Java/JavaVirtualMachines/jdk1.8.0_181.jdk/Contents/Home/jre/lib/resources.jar:/Library/Java/JavaVirtualMachines/jdk1.8.0_181.jdk/Contents/Home/jre/lib/rt.jar:/Library/Java/JavaVirtualMachines/jdk1.8.0_181.jdk/Contents/Home/jre/lib/sunrsasign.jar:/Library/Java/JavaVirtualMachines/jdk1.8.0_181.jdk/Contents/Home/jre/lib/jsse.jar:/Library/Java/JavaVirtualMachines/jdk1.8.0_181.jdk/Contents/Home/jre/lib/jce.jar:/Library/Java/JavaVirtualMachines/jdk1.8.0_181.jdk/Contents/Home/jre/lib/charsets.jar:/Library/Java/JavaVirtualMachines/jdk1.8.0_181.jdk/Contents/Home/jre/lib/jfr.jar:/Library/Java/JavaVirtualMachines/jdk1.8.0_181.jdk/Contents/Home/jre/classes"></property><property name="java.vendor" value="Oracle Corporation"></property><property name="file.separator" value="/"></property><property name="java.vendor.url.bug" value="http://bugreport.sun.com/bugreport/"></property><property name="sun.io.unicode.encoding" value="UnicodeBig"></property><property name="sun.cpu.endian" value="little"></property><property name="ant.file.type" value="file"></property><property name="socksNonProxyHosts" value="local|*.local|169.254/16|*.169.254/16"></property><property name="ftp.nonProxyHosts" value="local|*.local|169.254/16|*.169.254/16"></property><property name="sun.cpu.isalist" value=""></property></properties></testsuite>