<?xml version="1.0" ?><testsuite name="edu.umb.cs680.hw15.ApfsReverseAlphabeticalTest" time="0.004" timestamp="2019-05-19T16:13:36" tests="1" failures="0" skipped="0" aborted="0"><properties><property name="java.vendor" value="Oracle Corporation"></property><property name="sun.java.launcher" value="SUN_STANDARD"></property><property name="env.XPC_SERVICE_NAME" value="0"></property><property name="sun.management.compiler" value="HotSpot 64-Bit Tiered Compilers"></property><property name="env.SECURITYSESSIONID" value="186a7"></property><property name="os.name" value="Mac OS X"></property><property name="env.HISTFILE" value="/Users/leiwu/Library/Preferences/IntelliJIdea2018.3/terminal/history/history-17"></property><property name="sun.boot.class.path" value="/Library/Java/JavaVirtualMachines/jdk1.8.0_131.jdk/Contents/Home/jre/lib/resources.jar:/Library/Java/JavaVirtualMachines/jdk1.8.0_131.jdk/Contents/Home/jre/lib/rt.jar:/Library/Java/JavaVirtualMachines/jdk1.8.0_131.jdk/Contents/Home/jre/lib/sunrsasign.jar:/Library/Java/JavaVirtualMachines/jdk1.8.0_131.jdk/Contents/Home/jre/lib/jsse.jar:/Library/Java/JavaVirtualMachines/jdk1.8.0_131.jdk/Contents/Home/jre/lib/jce.jar:/Library/Java/JavaVirtualMachines/jdk1.8.0_131.jdk/Contents/Home/jre/lib/charsets.jar:/Library/Java/JavaVirtualMachines/jdk1.8.0_131.jdk/Contents/Home/jre/lib/jfr.jar:/Library/Java/JavaVirtualMachines/jdk1.8.0_131.jdk/Contents/Home/jre/classes"></property><property name="env.TMPDIR" value="/var/folders/5m/mc3vw9gj7p55h_bnbgq3rr9r0000gn/T/"></property><property name="env.PWD" value="/Volumes/qi/cs680/HW15"></property><property name="ant.file.HW15" value="/Volumes/qi/cs680/HW15/build.xml"></property><property name="env.LESS" value="-R"></property><property name="java.vm.specification.vendor" value="Oracle Corporation"></property><property name="ant.home" value="/usr/local/Cellar/ant/1.10.6/libexec"></property><property name="java.runtime.version" value="1.8.0_131-b11"></property><property name="ant.file.type.HW15" value="file"></property><property name="env.Apple_PubSub_Socket_Render" value="/private/tmp/com.apple.launchd.K55E8mCwMz/Render"></property><property name="env.DISPLAY" value="/private/tmp/com.apple.launchd.qsaM34itRP/org.macosforge.xquartz:0"></property><property name="user.name" value="leiwu"></property><property name="env.USER" value="leiwu"></property><property name="env.SHELL" value="/bin/zsh"></property><property name="env.__CF_USER_TEXT_ENCODING" value="0x1F5:0x0:0x0"></property><property name="env.PATH" value="/Users/leiwu/.rbenv/shims:/Users/leiwu/.rbenv/bin:/usr/local/spark-2.3.2-bin-hadoop2.7/bin:/usr/local/bin:/usr/bin:/bin:/usr/sbin:/sbin:/usr/local/go/bin:/opt/X11/bin:/Applications/Postgres.app/Contents/Versions/latest/bin"></property><property name="user.language" value="en"></property><property name="sun.boot.library.path" value="/Library/Java/JavaVirtualMachines/jdk1.8.0_131.jdk/Contents/Home/jre/lib"></property><property name="ant.project.default-target" value="test"></property><property name="env.XPC_FLAGS" value="0x0"></property><property name="ant.project.name" value="HW15"></property><property name="env.LC_CTYPE" value="en_US.UTF-8"></property><property name="java.version" value="1.8.0_131"></property><property name="user.timezone" value=""></property><property name="env.ZDOTDIR" value=""></property><property name="sun.arch.data.model" value="64"></property><property name="http.nonProxyHosts" value="local|*.local|169.254/16|*.169.254/16"></property><property name="java.endorsed.dirs" value="/Library/Java/JavaVirtualMachines/jdk1.8.0_131.jdk/Contents/Home/jre/lib/endorsed"></property><property name="sun.cpu.isalist" value=""></property><property name="sun.jnu.encoding" value="UTF-8"></property><property name="file.encoding.pkg" value="sun.io"></property><property name="env.SHLVL" value="2"></property><property name="file.separator" value="/"></property><property name="java.specification.name" value="Java Platform API Specification"></property><property name="java.class.version" value="52.0"></property><property name="user.country" value="US"></property><property name="java.home" value="/Library/Java/JavaVirtualMachines/jdk1.8.0_131.jdk/Contents/Home/jre"></property><property name="env.ZSH" value="/Users/leiwu/.oh-my-zsh"></property><property name="java.vm.info" value="mixed mode"></property><property name="env.LOGNAME" value="leiwu"></property><property name="ant.file" value="/Volumes/qi/cs680/HW15/build.xml"></property><property name="os.version" value="10.14.4"></property><property name="path.separator" value=":"></property><property name="java.vm.version" value="25.131-b11"></property><property name="ant.library.dir" value="/usr/local/Cellar/ant/1.10.6/libexec/lib"></property><property name="java.awt.printerjob" value="sun.lwawt.macosx.CPrinterJob"></property><property name="env.TERM" value="xterm-256color"></property><property name="sun.io.unicode.encoding" value="UnicodeBig"></property><property name="awt.toolkit" value="sun.lwawt.macosx.LWCToolkit"></property><property name="socksNonProxyHosts" value="local|*.local|169.254/16|*.169.254/16"></property><property name="JUNIT" value="${env.JUNIT}"></property><property name="ftp.nonProxyHosts" value="local|*.local|169.254/16|*.169.254/16"></property><property name="env.LSCOLORS" value="exfxcxdxbxexexabagacad"></property><property name="user.home" value="/Users/leiwu"></property><property name="java.specification.vendor" value="Oracle Corporation"></property><property name="env.PAGER" value="less"></property><property name="java.library.path" value="/Users/leiwu/Library/Java/Extensions:/Library/Java/Extensions:/Network/Library/Java/Extensions:/System/Library/Java/Extensions:/usr/lib/java:."></property><property name="java.vendor.url" value="http://java.oracle.com/"></property><property name="env.JAVA_MAIN_CLASS_48447" value="org.apache.tools.ant.launch.Launcher"></property><property name="java.vm.vendor" value="Oracle Corporation"></property><property name="gopherProxySet" value="false"></property><property name="java.runtime.name" value="Java(TM) SE Runtime Environment"></property><property name="ant.version" value="Apache Ant(TM) version 1.10.6 compiled on May 2 2019"></property><property name="sun.java.command" value="org.apache.tools.ant.launch.Launcher -cp  -lib /usr/local/share/ant -lib ./lib clean test"></property><property name="java.class.path" value="/usr/local/Cellar/ant/1.10.6/libexec/lib/ant-launcher.jar:/usr/local/share/ant:/Volumes/qi/cs680/HW15/./lib/junit-jupiter-api-5.4.0.jar:/Volumes/qi/cs680/HW15/./lib/junit-jupiter-params-5.4.0.jar:/Volumes/qi/cs680/HW15/./lib/junit-platform-engine-1.4.0.jar:/Volumes/qi/cs680/HW15/./lib/junit-platform-launcher-1.4.0.jar:/Volumes/qi/cs680/HW15/./lib/opentest4j-1.1.1.jar:/Volumes/qi/cs680/HW15/./lib/junit-platform-commons-1.4.0.jar:/Volumes/qi/cs680/HW15/./lib/junit-jupiter-engine-5.4.0.jar:/Volumes/qi/cs680/HW15/./lib/apiguardian-api-1.0.0.jar:/Volumes/qi/cs680/HW15/./lib/:/usr/local/Cellar/ant/1.10.6/libexec/lib/ant-commons-net.jar:/usr/local/Cellar/ant/1.10.6/libexec/lib/ant-xz.jar:/usr/local/Cellar/ant/1.10.6/libexec/lib/ant-junit4.jar:/usr/local/Cellar/ant/1.10.6/libexec/lib/ant-jai.jar:/usr/local/Cellar/ant/1.10.6/libexec/lib/ant-apache-resolver.jar:/usr/local/Cellar/ant/1.10.6/libexec/lib/bcel-6.3.1.jar:/usr/local/Cellar/ant/1.10.6/libexec/lib/ant-jdepend.jar:/usr/local/Cellar/ant/1.10.6/libexec/lib/ant-apache-regexp.jar:/usr/local/Cellar/ant/1.10.6/libexec/lib/ant-apache-log4j.jar:/usr/local/Cellar/ant/1.10.6/libexec/lib/ant-javamail.jar:/usr/local/Cellar/ant/1.10.6/libexec/lib/ant-apache-bcel.jar:/usr/local/Cellar/ant/1.10.6/libexec/lib/ant.jar:/usr/local/Cellar/ant/1.10.6/libexec/lib/ant-netrexx.jar:/usr/local/Cellar/ant/1.10.6/libexec/lib/ant-swing.jar:/usr/local/Cellar/ant/1.10.6/libexec/lib/ant-jsch.jar:/usr/local/Cellar/ant/1.10.6/libexec/lib/ant-junitlauncher.jar:/usr/local/Cellar/ant/1.10.6/libexec/lib/ant-junitlauncher-1.10.6.jar:/usr/local/Cellar/ant/1.10.6/libexec/lib/ant-junit.jar:/usr/local/Cellar/ant/1.10.6/libexec/lib/ant-imageio.jar:/usr/local/Cellar/ant/1.10.6/libexec/lib/ant-launcher.jar:/usr/local/Cellar/ant/1.10.6/libexec/lib/ant-antlr.jar:/usr/local/Cellar/ant/1.10.6/libexec/lib/ant-testutil.jar:/usr/local/Cellar/ant/1.10.6/libexec/lib/ant-apache-oro.jar:/usr/local/Cellar/ant/1.10.6/libexec/lib/ant-jmf.jar:/usr/local/Cellar/ant/1.10.6/libexec/lib/ivy-2.4.0.jar:/usr/local/Cellar/ant/1.10.6/libexec/lib/ant-apache-xalan2.jar:/usr/local/Cellar/ant/1.10.6/libexec/lib/ant-apache-bsf.jar:/usr/local/Cellar/ant/1.10.6/libexec/lib/ant-commons-logging.jar:/Library/Java/JavaVirtualMachines/jdk1.8.0_131.jdk/Contents/Home/lib/tools.jar"></property><property name="java.vm.specification.name" value="Java Virtual Machine Specification"></property><property name="ant.file.type" value="file"></property><property name="env.RBENV_SHELL" value="zsh"></property><property name="java.vm.specification.version" value="1.8"></property><property name="sun.os.patch.level" value="unknown"></property><property name="sun.cpu.endian" value="little"></property><property name="env.HOME" value="/Users/leiwu"></property><property name="java.io.tmpdir" value="/var/folders/5m/mc3vw9gj7p55h_bnbgq3rr9r0000gn/T/"></property><property name="java.vendor.url.bug" value="http://bugreport.sun.com/bugreport/"></property><property name="env.SSH_AUTH_SOCK" value="/private/tmp/com.apple.launchd.0Fc7IIcdo9/Listeners"></property><property name="env.COMMAND_MODE" value="unix2003"></property><property name="env.__INTELLIJ_COMMAND_HISTFILE__" value="/Users/leiwu/Library/Preferences/IntelliJIdea2018.3/terminal/history/history-17"></property><property name="java.awt.graphicsenv" value="sun.awt.CGraphicsEnvironment"></property><property name="os.arch" value="x86_64"></property><property name="env.PROJECT_DIR" value="/Volumes/qi/cs680/HW15"></property><property name="java.ext.dirs" value="/Users/leiwu/Library/Java/Extensions:/Library/Java/JavaVirtualMachines/jdk1.8.0_131.jdk/Contents/Home/jre/lib/ext:/Library/Java/Extensions:/Network/Library/Java/Extensions:/System/Library/Java/Extensions:/usr/lib/java"></property><property name="user.dir" value="/Volumes/qi/cs680/HW15"></property><property name="line.separator" value="
"></property><property name="java.vm.name" value="Java HotSpot(TM) 64-Bit Server VM"></property><property name="basedir" value="/Volumes/qi/cs680/HW15"></property><property name="ant.java.version" value="1.8"></property><property name="ant.core.lib" value="/usr/local/Cellar/ant/1.10.6/libexec/lib/ant.jar"></property><property name="env.TERMINAL_EMULATOR" value="JetBrains-JediTerm"></property><property name="file.encoding" value="UTF-8"></property><property name="java.specification.version" value="1.8"></property><property name="ant.project.invoked-targets" value="clean,test"></property></properties><testcase classname="edu.umb.cs680.hw15.ApfsReverseAlphabeticalTest" name="sorting()" time="0.002"></testcase></testsuite>